[INFO] Connected to MongoDB succesfully!
[INFO] App running in development mode on http://localhost:5000
[INFO] Connected to MongoDB succesfully!
[INFO] App running in development mode on http://localhost:5000
[INFO] Connected to MongoDB succesfully!
[INFO] App running in development mode on http://localhost:5000
[INFO] Connected to MongoDB succesfully!
[INFO] App running in development mode on http://localhost:5000
[INFO] Connected to MongoDB succesfully!
[INFO] App running in development mode on http://localhost:5000
[INFO] Connected to MongoDB succesfully!
[INFO] App running in development mode on http://localhost:5000
[INFO] Connected to MongoDB succesfully!
[INFO] App running in development mode on http://localhost:5000
[INFO] Connected to MongoDB succesfully!
[INFO] App running in development mode on http://localhost:5000
[INFO] Connected to MongoDB succesfully!
[INFO] App running in development mode on http://localhost:5000
[INFO] Connected to MongoDB succesfully!
[INFO] App running in development mode on http://localhost:5000
[INFO] Connected to MongoDB succesfully!
[INFO] App running in development mode on http://localhost:5000
[INFO] Connected to MongoDB succesfully!
[INFO] App running in development mode on http://localhost:5000
[INFO] Connected to MongoDB succesfully!
[INFO] App running in development mode on http://localhost:5000
[INFO] Connected to MongoDB succesfully!
[INFO] App running in development mode on http://localhost:5000
[INFO] Connected to MongoDB succesfully!
[INFO] App running in development mode on http://localhost:5000
[INFO] Connected to MongoDB succesfully!
[INFO] App running in development mode on http://localhost:5000
[INFO] Connected to MongoDB succesfully!
[INFO] App running in development mode on http://localhost:5000
[INFO] token: eyJhbGciOiJIUzI1NiIsInR5cCI6IkpXVCJ9.eyJpZCI6IjY0ZjQxNjA1YTdkNTg2NjI0NmY0NmQwYSIsImlhdCI6MTY5MzcxODAyMSwiZXhwIjoxNjk2MzEwMDIxfQ.odwf1NINl48xX6mm3hK4EcVCLNVcqrLdwkYhHgLqIZk
[INFO] Connected to MongoDB succesfully!
[INFO] App running in development mode on http://localhost:5000
[INFO] Connected to MongoDB succesfully!
[INFO] App running in development mode on http://localhost:5000
[INFO] Connected to MongoDB succesfully!
[INFO] App running in development mode on http://localhost:5000
[INFO] Connected to MongoDB succesfully!
[INFO] App running in development mode on http://localhost:5000
[INFO] Connected to MongoDB succesfully!
[INFO] App running in development mode on http://localhost:5000
[INFO] 64f4168a2725ece18e22cc13
[INFO] User authenticated: ayobamy
[INFO] Connected to MongoDB succesfully!
[INFO] App running in development mode on http://localhost:5000
